{
  "RSpec": {
    "coverage": {
      "/Users/michaelcentrelli/Desktop/little_shop/config/environment.rb": [
        null,
        1,
        null,
        null,
        1
      ],
      "/Users/michaelcentrelli/Desktop/little_shop/config/application.rb": [
        1,
        null,
        1,
        null,
        1,
        1,
        1,
        1,
        1,
        1,
        1,
        1,
        null,
        null,
        null,
        null,
        1,
        null,
        1,
        1,
        null,
        1,
        null,
        null,
        null,
        null,
        null,
        null,
        1,
        null,
        null
      ],
      "/Users/michaelcentrelli/Desktop/little_shop/config/boot.rb": [
        1,
        null,
        1
      ],
      "/Users/michaelcentrelli/Desktop/little_shop/config/environments/test.rb": [
        1,
        null,
        null,
        null,
        null,
        null,
        null,
        1,
        null,
        null,
        null,
        null,
        1,
        null,
        null,
        1,
        1,
        null,
        null,
        null,
        null,
        1,
        1,
        null,
        null,
        1,
        null,
        null,
        1,
        1,
        null,
        null,
        null,
        null,
        1,
        null,
        null,
        1,
        null,
        null,
        null,
        null
      ],
      "/Users/michaelcentrelli/Desktop/little_shop/config/initializers/application_controller_renderer.rb": [
        null,
        null,
        null,
        null,
        null,
        null
      ],
      "/Users/michaelcentrelli/Desktop/little_shop/config/initializers/assets.rb": [
        null,
        null,
        null,
        1,
        null,
        null,
        null,
        null,
        1,
        null,
        null,
        null,
        null,
        null
      ],
      "/Users/michaelcentrelli/Desktop/little_shop/config/initializers/backtrace_silencers.rb": [
        null,
        null,
        null,
        null,
        null,
        null,
        null
      ],
      "/Users/michaelcentrelli/Desktop/little_shop/config/initializers/cookies_serializer.rb": [
        null,
        null,
        null,
        null,
        1
      ],
      "/Users/michaelcentrelli/Desktop/little_shop/config/initializers/filter_parameter_logging.rb": [
        null,
        null,
        null,
        1
      ],
      "/Users/michaelcentrelli/Desktop/little_shop/config/initializers/inflections.rb": [
        null,
        null,
        null,
        null,
        null,
        null,
        null,
        null,
        null,
        null,
        null,
        null,
        null,
        null,
        null,
        null
      ],
      "/Users/michaelcentrelli/Desktop/little_shop/config/initializers/mime_types.rb": [
        null,
        null,
        null,
        null
      ],
      "/Users/michaelcentrelli/Desktop/little_shop/config/initializers/wrap_parameters.rb": [
        null,
        null,
        null,
        null,
        null,
        null,
        1,
        2,
        null,
        null,
        null,
        null,
        null,
        null
      ],
      "/Users/michaelcentrelli/Desktop/little_shop/config/routes.rb": [
        null,
        1,
        1,
        null,
        1,
        1,
        1,
        1,
        1,
        null,
        null,
        1,
        1,
        1,
        1,
        1,
        1,
        null,
        1,
        1,
        1,
        1,
        null,
        1,
        1,
        1,
        1,
        1,
        null
      ],
      "/Users/michaelcentrelli/Desktop/little_shop/app/helpers/application_helper.rb": [
        1,
        null
      ],
      "/Users/michaelcentrelli/Desktop/little_shop/app/helpers/dashboards_helper.rb": [
        1,
        null
      ],
      "/Users/michaelcentrelli/Desktop/little_shop/app/helpers/shopping_carts_helper.rb": [
        1,
        null
      ],
      "/Users/michaelcentrelli/Desktop/little_shop/app/controllers/dashboards_controller.rb": [
        1,
        1,
        6,
        null,
        null,
        null
      ],
      "/Users/michaelcentrelli/Desktop/little_shop/app/controllers/application_controller.rb": [
        1,
        1,
        1,
        1,
        1,
        1,
        null,
        1,
        308,
        null,
        null,
        1,
        225,
        null,
        null,
        1,
        53,
        null,
        null,
        1,
        225,
        null,
        null
      ],
      "/Users/michaelcentrelli/Desktop/little_shop/app/controllers/shopping_carts_controller.rb": [
        1,
        1,
        null,
        1,
        15,
        15,
        15,
        null,
        15,
        15,
        null,
        null,
        1,
        13,
        null,
        null,
        1,
        1,
        1,
        1,
        1,
        1,
        null,
        null,
        1,
        3,
        3,
        3,
        null,
        null
      ],
      "/Users/michaelcentrelli/Desktop/little_shop/app/models/brand.rb": [
        1,
        1,
        1,
        null,
        null
      ],
      "/Users/michaelcentrelli/Desktop/little_shop/app/models/application_record.rb": [
        1,
        1,
        null
      ],
      "/Users/michaelcentrelli/Desktop/little_shop/app/models/category.rb": [
        1,
        1,
        1,
        1,
        null
      ],
      "/Users/michaelcentrelli/Desktop/little_shop/app/models/order_product.rb": [
        1,
        1,
        1,
        null
      ],
      "/Users/michaelcentrelli/Desktop/little_shop/app/models/order.rb": [
        1,
        1,
        1,
        1,
        null,
        1,
        null,
        1,
        24,
        null,
        null,
        1,
        8,
        16,
        null,
        null,
        null,
        1,
        4,
        null,
        null
      ],
      "/Users/michaelcentrelli/Desktop/little_shop/app/models/product_category.rb": [
        1,
        1,
        1,
        null
      ],
      "/Users/michaelcentrelli/Desktop/little_shop/app/models/product.rb": [
        1,
        null,
        1,
        1,
        1,
        1,
        1,
        1,
        1,
        1,
        null,
        1,
        null
      ],
      "/Users/michaelcentrelli/Desktop/little_shop/app/models/shopping_cart.rb": [
        1,
        1,
        null,
        1,
        228,
        null,
        null,
        1,
        160,
        null,
        null,
        1,
        17,
        null,
        null,
        1,
        17,
        null,
        null,
        1,
        13,
        13,
        13,
        null,
        null,
        null,
        1,
        13,
        13,
        13,
        null,
        null,
        null,
        1,
        1,
        null,
        null,
        1,
        3,
        3,
        null,
        null,
        null,
        null
      ],
      "/Users/michaelcentrelli/Desktop/little_shop/app/models/user.rb": [
        1,
        1,
        1,
        1,
        1,
        1,
        null,
        1,
        null
      ],
      "/Users/michaelcentrelli/Desktop/little_shop/app/controllers/sessions_controller.rb": [
        1,
        null,
        1,
        null,
        null,
        1,
        13,
        13,
        11,
        11,
        11,
        null,
        2,
        null,
        2,
        null,
        null,
        null,
        1,
        null,
        null,
        1,
        1,
        1,
        1,
        null,
        null,
        1,
        11,
        3,
        null,
        8,
        null,
        null,
        null
      ],
      "/Users/michaelcentrelli/Desktop/little_shop/app/controllers/users_controller.rb": [
        1,
        1,
        null,
        1,
        null,
        null,
        1,
        18,
        16,
        null,
        2,
        null,
        null,
        null,
        1,
        8,
        null,
        null,
        1,
        3,
        1,
        null,
        2,
        null,
        null,
        null,
        1,
        4,
        4,
        2,
        2,
        2,
        null,
        2,
        2,
        null,
        null,
        null,
        1,
        null,
        1,
        7,
        null,
        null,
        1,
        11,
        null,
        null
      ],
      "/Users/michaelcentrelli/Desktop/little_shop/app/controllers/admin/dashboard_controller.rb": [
        1,
        null,
        1,
        20,
        7,
        7,
        null,
        13,
        null,
        null,
        null,
        1,
        1,
        null,
        null,
        1,
        3,
        3,
        1,
        null,
        1,
        2,
        2,
        null,
        2,
        null,
        null,
        null,
        null
      ],
      "/Users/michaelcentrelli/Desktop/little_shop/app/controllers/admin/base_controller.rb": [
        1,
        1,
        null,
        1,
        44,
        null,
        null,
        null
      ],
      "/Users/michaelcentrelli/Desktop/little_shop/app/controllers/admin/products_controller.rb": [
        1,
        null,
        1,
        3,
        3,
        null,
        null,
        1,
        3,
        3,
        null,
        null,
        1,
        2,
        2,
        1,
        null,
        1,
        1,
        null,
        null,
        null,
        1,
        2,
        2,
        1,
        null,
        1,
        null,
        null,
        null,
        1,
        4,
        null,
        null,
        1,
        null,
        1,
        4,
        null,
        null
      ],
      "/Users/michaelcentrelli/Desktop/little_shop/app/controllers/products_controller.rb": [
        1,
        null,
        1,
        null,
        null,
        1,
        9,
        null,
        null,
        1,
        2,
        null,
        null,
        1,
        2,
        2,
        2,
        1,
        1,
        null,
        1,
        1,
        null,
        null,
        null,
        1,
        22,
        null,
        null,
        1,
        null,
        1,
        2,
        null,
        null
      ],
      "/Users/michaelcentrelli/Desktop/little_shop/app/controllers/brands_controller.rb": [
        1,
        null,
        1,
        2,
        null,
        null,
        1,
        null,
        null,
        null,
        1,
        4,
        4,
        null,
        null,
        1,
        1,
        null,
        null,
        1,
        1,
        1,
        1,
        1,
        null,
        null,
        1,
        2,
        2,
        1,
        1,
        null,
        1,
        null,
        null,
        null,
        1,
        1,
        1,
        1,
        1,
        null,
        null,
        1,
        null,
        1,
        3,
        null,
        null,
        null,
        null
      ],
      "/Users/michaelcentrelli/Desktop/little_shop/app/controllers/categories_controller.rb": [
        1,
        null,
        1,
        1,
        null,
        null,
        1,
        null,
        null,
        1,
        2,
        2,
        1,
        null,
        1,
        null,
        1,
        null,
        null,
        null,
        1,
        3,
        3,
        3,
        null,
        null,
        null,
        1,
        3,
        null,
        null,
        1,
        2,
        2,
        1,
        1,
        null,
        1,
        null,
        null,
        null,
        1,
        null,
        1,
        4,
        null,
        null
      ],
      "/Users/michaelcentrelli/Desktop/little_shop/app/controllers/orders_controller.rb": [
        1,
        null,
        1,
        6,
        1,
        null,
        5,
        null,
        null,
        null,
        1,
        3,
        3,
        null,
        null,
        1,
        1,
        1,
        1,
        1,
        1,
        null,
        null,
        1,
        null,
        1,
        1,
        2,
        null,
        null,
        null,
        null,
        1,
        1,
        1,
        null,
        null,
        null
      ]
    },
    "timestamp": 1501722401
  }
}
