{
  "RSpec": {
    "coverage": {
      "/Users/marcfidelman/turing/2mod/rails/little_shop/config/environment.rb": [
        null,
        1,
        null,
        null,
        1
      ],
      "/Users/marcfidelman/turing/2mod/rails/little_shop/config/application.rb": [
        1,
        null,
        1,
        null,
        1,
        1,
        1,
        1,
        1,
        1,
        1,
        1,
        null,
        null,
        null,
        null,
        1,
        null,
        1,
        1,
        null,
        1,
        null,
        null,
        null,
        null,
        null,
        null,
        1,
        null,
        null
      ],
      "/Users/marcfidelman/turing/2mod/rails/little_shop/config/boot.rb": [
        1,
        null,
        1
      ],
      "/Users/marcfidelman/turing/2mod/rails/little_shop/config/environments/test.rb": [
        1,
        null,
        null,
        null,
        null,
        null,
        null,
        1,
        null,
        null,
        null,
        null,
        1,
        null,
        null,
        1,
        1,
        null,
        null,
        null,
        null,
        1,
        1,
        null,
        null,
        1,
        null,
        null,
        1,
        1,
        null,
        null,
        null,
        null,
        1,
        null,
        null,
        1,
        null,
        null,
        null,
        null
      ],
      "/Users/marcfidelman/turing/2mod/rails/little_shop/config/initializers/application_controller_renderer.rb": [
        null,
        null,
        null,
        null,
        null,
        null
      ],
      "/Users/marcfidelman/turing/2mod/rails/little_shop/config/initializers/assets.rb": [
        null,
        null,
        null,
        1,
        null,
        null,
        null,
        null,
        1,
        null,
        null,
        null,
        null,
        null
      ],
      "/Users/marcfidelman/turing/2mod/rails/little_shop/config/initializers/backtrace_silencers.rb": [
        null,
        null,
        null,
        null,
        null,
        null,
        null
      ],
      "/Users/marcfidelman/turing/2mod/rails/little_shop/config/initializers/cookies_serializer.rb": [
        null,
        null,
        null,
        null,
        1
      ],
      "/Users/marcfidelman/turing/2mod/rails/little_shop/config/initializers/filter_parameter_logging.rb": [
        null,
        null,
        null,
        1
      ],
      "/Users/marcfidelman/turing/2mod/rails/little_shop/config/initializers/inflections.rb": [
        null,
        null,
        null,
        null,
        null,
        null,
        null,
        null,
        null,
        null,
        null,
        null,
        null,
        null,
        null,
        null
      ],
      "/Users/marcfidelman/turing/2mod/rails/little_shop/config/initializers/mime_types.rb": [
        null,
        null,
        null,
        null
      ],
      "/Users/marcfidelman/turing/2mod/rails/little_shop/config/initializers/wrap_parameters.rb": [
        null,
        null,
        null,
        null,
        null,
        null,
        1,
        2,
        null,
        null,
        null,
        null,
        null,
        null
      ],
      "/Users/marcfidelman/turing/2mod/rails/little_shop/config/routes.rb": [
        null,
        1,
        1,
        null,
        1,
        1,
        1,
        1,
        1,
        null,
        null,
        1,
        1,
        1,
        1,
        1,
        1,
        null,
        1,
        1,
        1,
        1,
        null,
        1,
        1,
        1,
        1,
        1,
        null
      ],
      "/Users/marcfidelman/turing/2mod/rails/little_shop/app/helpers/application_helper.rb": [
        1,
        null
      ],
      "/Users/marcfidelman/turing/2mod/rails/little_shop/app/helpers/dashboards_helper.rb": [
        1,
        null
      ],
      "/Users/marcfidelman/turing/2mod/rails/little_shop/app/helpers/shopping_carts_helper.rb": [
        1,
        null
      ],
      "/Users/marcfidelman/turing/2mod/rails/little_shop/app/models/brand.rb": [
        1,
        1,
        1,
        null
      ],
      "/Users/marcfidelman/turing/2mod/rails/little_shop/app/models/application_record.rb": [
        1,
        1,
        null
      ],
      "/Users/marcfidelman/turing/2mod/rails/little_shop/app/models/product.rb": [
        1,
        null,
        1,
        1,
        1,
        1,
        1,
        1,
        1,
        1,
        null,
        1,
        null,
        1,
        1,
        1,
        null,
        0,
        null,
        null,
        null
      ],
      "/Users/marcfidelman/turing/2mod/rails/little_shop/app/controllers/dashboards_controller.rb": [
        1,
        1,
        null,
        null,
        null
      ],
      "/Users/marcfidelman/turing/2mod/rails/little_shop/app/controllers/application_controller.rb": [
        1,
        1,
        1,
        1,
        null,
        1,
        2,
        null,
        null,
        1,
        2,
        null,
        null,
        1,
        0,
        null,
        null
      ],
      "/Users/marcfidelman/turing/2mod/rails/little_shop/app/models/shopping_cart.rb": [
        1,
        1,
        null,
        1,
        2,
        null,
        null,
        1,
        2,
        null,
        null,
        1,
        0,
        null,
        null,
        1,
        0,
        null,
        null,
        1,
        0,
        0,
        0,
        null,
        null,
        null,
        1,
        0,
        0,
        0,
        null,
        null,
        null,
        1,
        0,
        null,
        null,
        1,
        0,
        0,
        null,
        null,
        null,
        null
      ],
      "/Users/marcfidelman/turing/2mod/rails/little_shop/app/controllers/products_controller.rb": [
        1,
        null,
        1,
        null,
        null,
        null,
        1,
        0,
        null,
        null,
        1,
        0,
        null,
        null,
        1,
        0,
        0,
        0,
        0,
        0,
        null,
        0,
        0,
        null,
        null,
        null,
        1,
        1,
        null,
        null,
        1,
        0,
        0,
        null,
        0,
        null,
        null,
        1,
        null,
        1,
        0,
        null,
        null,
        null
      ]
    },
    "timestamp": 1501717609
  }
}
